<?xml version="1.0" encoding="UTF-8"?>
<!-- Generated by org.testng.reporters.JUnitXMLReporter -->
<testsuite ignored="0" hostname="LAPTOP-NA2LMEKS" failures="0" tests="6" name="User-2" time="7.371" errors="0" timestamp="2023-02-20T00:59:26 IST">
  <testcase classname="tests.UserTests" name="@BeforeClass startUp" time="7.272">
    <failure type="org.openqa.selenium.SessionNotCreatedException" message="Could not start a new session. Possible causes are invalid address of the remote server or browser start-up failure.
Build info: version: &amp;apos;4.1.4&amp;apos;, revision: &amp;apos;535d840ee2&amp;apos;
System info: host: &amp;apos;LAPTOP-NA2LMEKS&amp;apos;, ip: &amp;apos;192.168.1.9&amp;apos;, os.name: &amp;apos;Windows 10&amp;apos;, os.arch: &amp;apos;amd64&amp;apos;, os.version: &amp;apos;10.0&amp;apos;, java.version: &amp;apos;17.0.1&amp;apos;
Driver info: org.openqa.selenium.remote.RemoteWebDriver
Command: [null, newSession {capabilities=[Capabilities {browserName: Safari, browserVersion: 14.1, bstack:options: {accessKey: To328gPDnEhpECcnw5JM, browser: Safari, browserName: Safari, browserVersion: 14.1, browserstackSDK: testng-javaagent/1.2.0, buildIdentifier: #2, buildName: browserstack build, consoleLogs: errors, debug: false, hostName: LAPTOP-NA2LMEKS, local: true, localIdentifier: 20_Feb_059_LAPTOP_NA2LMEKS_..., networkLogs: false, os: OS X, osVersion: Big Sur, projectName: BrowserStack Samples, source: testng:archetype-setup:v1.5, userName: ryan_WNOhwP}}], desiredCapabilities=Capabilities {browserName: Safari, browserVersion: 14.1, bstack:options: {accessKey: To328gPDnEhpECcnw5JM, browser: Safari, browserName: Safari, browserVersion: 14.1, browserstackSDK: testng-javaagent/1.2.0, buildIdentifier: #2, buildName: browserstack build, consoleLogs: errors, debug: false, hostName: LAPTOP-NA2LMEKS, local: true, localIdentifier: 20_Feb_059_LAPTOP_NA2LMEKS_..., networkLogs: false, os: OS X, osVersion: Big Sur, projectName: BrowserStack Samples, source: testng:archetype-setup:v1.5, userName: ryan_WNOhwP}}}]
Capabilities {}">
      <![CDATA[org.openqa.selenium.SessionNotCreatedException: Could not start a new session. Possible causes are invalid address of the remote server or browser start-up failure.
Build info: version: '4.1.4', revision: '535d840ee2'
System info: host: 'LAPTOP-NA2LMEKS', ip: '192.168.1.9', os.name: 'Windows 10', os.arch: 'amd64', os.version: '10.0', java.version: '17.0.1'
Driver info: org.openqa.selenium.remote.RemoteWebDriver
Command: [null, newSession {capabilities=[Capabilities {browserName: Safari, browserVersion: 14.1, bstack:options: {accessKey: To328gPDnEhpECcnw5JM, browser: Safari, browserName: Safari, browserVersion: 14.1, browserstackSDK: testng-javaagent/1.2.0, buildIdentifier: #2, buildName: browserstack build, consoleLogs: errors, debug: false, hostName: LAPTOP-NA2LMEKS, local: true, localIdentifier: 20_Feb_059_LAPTOP_NA2LMEKS_..., networkLogs: false, os: OS X, osVersion: Big Sur, projectName: BrowserStack Samples, source: testng:archetype-setup:v1.5, userName: ryan_WNOhwP}}], desiredCapabilities=Capabilities {browserName: Safari, browserVersion: 14.1, bstack:options: {accessKey: To328gPDnEhpECcnw5JM, browser: Safari, browserName: Safari, browserVersion: 14.1, browserstackSDK: testng-javaagent/1.2.0, buildIdentifier: #2, buildName: browserstack build, consoleLogs: errors, debug: false, hostName: LAPTOP-NA2LMEKS, local: true, localIdentifier: 20_Feb_059_LAPTOP_NA2LMEKS_..., networkLogs: false, os: OS X, osVersion: Big Sur, projectName: BrowserStack Samples, source: testng:archetype-setup:v1.5, userName: ryan_WNOhwP}}}]
Capabilities {}
at org.openqa.selenium.remote.RemoteWebDriver.execute(RemoteWebDriver.java:585)
at org.openqa.selenium.remote.RemoteWebDriver.startSession(RemoteWebDriver.java:248)
at org.openqa.selenium.remote.RemoteWebDriver.<init>(RemoteWebDriver.java:164)
at org.openqa.selenium.remote.RemoteWebDriver.<init>(RemoteWebDriver.java:146)
at init.DriverFactory.<init>(DriverFactory.java:46)
at tests.UserTests.startUp(UserTests.java:32)
at java.base/java.util.ArrayList.forEach(ArrayList.java:1511)
at java.base/java.util.concurrent.FutureTask.run(FutureTask.java:264)
at java.base/java.util.concurrent.ThreadPoolExecutor.runWorker(ThreadPoolExecutor.java:1136)
at java.base/java.util.concurrent.ThreadPoolExecutor$Worker.run(ThreadPoolExecutor.java:635)
at java.base/java.lang.Thread.run(Thread.java:833)
Caused by: java.lang.NoSuchMethodError: 'com.google.common.collect.ImmutableMap com.google.common.collect.ImmutableMap.of(java.lang.Object, java.lang.Object, java.lang.Object, java.lang.Object, java.lang.Object, java.lang.Object, java.lang.Object, java.lang.Object, java.lang.Object, java.lang.Object, java.lang.Object, java.lang.Object)'
at org.openqa.selenium.chrome.AddHasCasting.getAdditionalCommands(AddHasCasting.java:38)
at org.openqa.selenium.remote.Dialect.lambda$bindAdditionalCommands$1(Dialect.java:80)
at java.base/java.lang.Iterable.forEach(Iterable.java:75)
at org.openqa.selenium.remote.Dialect.bindAdditionalCommands(Dialect.java:79)
at org.openqa.selenium.remote.Dialect.access$100(Dialect.java:29)
at org.openqa.selenium.remote.Dialect$2.getCommandCodec(Dialect.java:54)
at org.openqa.selenium.remote.HttpCommandExecutor.execute(HttpCommandExecutor.java:158)
at org.openqa.selenium.remote.RemoteWebDriver.execute(RemoteWebDriver.java:567)
... 26 more
... Removed 16 stack frames]]>
    </failure>
  </testcase> <!-- @BeforeClass startUp -->
  <testcase classname="tests.UserTests" name="@AfterClass tearDown" time="0.0">
    <failure type="java.lang.NullPointerException" message="Cannot invoke &amp;quot;org.openqa.selenium.remote.RemoteWebDriver.close()&amp;quot; because &amp;quot;this.driver&amp;quot; is null">
      <![CDATA[java.lang.NullPointerException: Cannot invoke "org.openqa.selenium.remote.RemoteWebDriver.close()" because "this.driver" is null
at tests.UserTests.tearDown(UserTests.java:103)
at java.base/java.util.ArrayList.forEach(ArrayList.java:1511)
at java.base/java.util.concurrent.FutureTask.run(FutureTask.java:264)
at java.base/java.util.concurrent.ThreadPoolExecutor.runWorker(ThreadPoolExecutor.java:1136)
at java.base/java.util.concurrent.ThreadPoolExecutor$Worker.run(ThreadPoolExecutor.java:635)
at java.base/java.lang.Thread.run(Thread.java:833)
... Removed 16 stack frames]]>
    </failure>
  </testcase> <!-- @AfterClass tearDown -->
  <testcase classname="tests.UserTests" name="verifyLoginTest" time="0.0">
    <skipped/>
  </testcase> <!-- verifyLoginTest -->
  <testcase classname="tests.UserTests" name="verifyDashboardTest" time="0.0">
    <skipped/>
  </testcase> <!-- verifyDashboardTest -->
  <testcase classname="tests.UserTests" name="verifyOrdersTest" time="0.0">
    <skipped/>
  </testcase> <!-- verifyOrdersTest -->
  <testcase classname="tests.UserTests" name="verifyAccountDetailsTest" time="0.0">
    <skipped/>
  </testcase> <!-- verifyAccountDetailsTest -->
  <testcase classname="tests.UserTests" name="verifyAddressesTest" time="0.0">
    <skipped/>
  </testcase> <!-- verifyAddressesTest -->
  <testcase classname="tests.UserTests" name="verifySignOutTest" time="0.0">
    <skipped/>
  </testcase> <!-- verifySignOutTest -->
</testsuite> <!-- User-2 -->
