<?xml version="1.0" encoding="UTF-8"?>
<!-- Generated by org.testng.reporters.JUnitXMLReporter -->
<testsuite ignored="0" hostname="LAPTOP-NA2LMEKS" failures="0" tests="9" name="Smoke-1" time="11.219" errors="0" timestamp="2023-02-20T01:01:54 IST">
  <testcase classname="tests.SmokeTests" name="@BeforeClass startUp" time="11.152">
    <failure type="org.openqa.selenium.SessionNotCreatedException" message="Could not start a new session. Possible causes are invalid address of the remote server or browser start-up failure.
Build info: version: &amp;apos;4.1.4&amp;apos;, revision: &amp;apos;535d840ee2&amp;apos;
System info: host: &amp;apos;LAPTOP-NA2LMEKS&amp;apos;, ip: &amp;apos;192.168.1.9&amp;apos;, os.name: &amp;apos;Windows 10&amp;apos;, os.arch: &amp;apos;amd64&amp;apos;, os.version: &amp;apos;10.0&amp;apos;, java.version: &amp;apos;17.0.1&amp;apos;
Driver info: org.openqa.selenium.remote.RemoteWebDriver
Command: [null, newSession {capabilities=[Capabilities {browserName: Firefox, browserVersion: 102.0, bstack:options: {accessKey: To328gPDnEhpECcnw5JM, browser: Firefox, browserName: Firefox, browserVersion: 102.0, browserstackSDK: testng-javaagent/1.2.0, buildIdentifier: #2, buildName: browserstack build, consoleLogs: errors, debug: false, hostName: LAPTOP-NA2LMEKS, local: true, localIdentifier: 20_Feb_059_LAPTOP_NA2LMEKS_..., networkLogs: false, os: Windows, osVersion: 10, projectName: BrowserStack Samples, source: testng:archetype-setup:v1.5, userName: ryan_WNOhwP}}], desiredCapabilities=Capabilities {browserName: Firefox, browserVersion: 102.0, bstack:options: {accessKey: To328gPDnEhpECcnw5JM, browser: Firefox, browserName: Firefox, browserVersion: 102.0, browserstackSDK: testng-javaagent/1.2.0, buildIdentifier: #2, buildName: browserstack build, consoleLogs: errors, debug: false, hostName: LAPTOP-NA2LMEKS, local: true, localIdentifier: 20_Feb_059_LAPTOP_NA2LMEKS_..., networkLogs: false, os: Windows, osVersion: 10, projectName: BrowserStack Samples, source: testng:archetype-setup:v1.5, userName: ryan_WNOhwP}}}]
Capabilities {}">
      <![CDATA[org.openqa.selenium.SessionNotCreatedException: Could not start a new session. Possible causes are invalid address of the remote server or browser start-up failure.
Build info: version: '4.1.4', revision: '535d840ee2'
System info: host: 'LAPTOP-NA2LMEKS', ip: '192.168.1.9', os.name: 'Windows 10', os.arch: 'amd64', os.version: '10.0', java.version: '17.0.1'
Driver info: org.openqa.selenium.remote.RemoteWebDriver
Command: [null, newSession {capabilities=[Capabilities {browserName: Firefox, browserVersion: 102.0, bstack:options: {accessKey: To328gPDnEhpECcnw5JM, browser: Firefox, browserName: Firefox, browserVersion: 102.0, browserstackSDK: testng-javaagent/1.2.0, buildIdentifier: #2, buildName: browserstack build, consoleLogs: errors, debug: false, hostName: LAPTOP-NA2LMEKS, local: true, localIdentifier: 20_Feb_059_LAPTOP_NA2LMEKS_..., networkLogs: false, os: Windows, osVersion: 10, projectName: BrowserStack Samples, source: testng:archetype-setup:v1.5, userName: ryan_WNOhwP}}], desiredCapabilities=Capabilities {browserName: Firefox, browserVersion: 102.0, bstack:options: {accessKey: To328gPDnEhpECcnw5JM, browser: Firefox, browserName: Firefox, browserVersion: 102.0, browserstackSDK: testng-javaagent/1.2.0, buildIdentifier: #2, buildName: browserstack build, consoleLogs: errors, debug: false, hostName: LAPTOP-NA2LMEKS, local: true, localIdentifier: 20_Feb_059_LAPTOP_NA2LMEKS_..., networkLogs: false, os: Windows, osVersion: 10, projectName: BrowserStack Samples, source: testng:archetype-setup:v1.5, userName: ryan_WNOhwP}}}]
Capabilities {}
at org.openqa.selenium.remote.RemoteWebDriver.execute(RemoteWebDriver.java:585)
at org.openqa.selenium.remote.RemoteWebDriver.startSession(RemoteWebDriver.java:248)
at org.openqa.selenium.remote.RemoteWebDriver.<init>(RemoteWebDriver.java:164)
at org.openqa.selenium.remote.RemoteWebDriver.<init>(RemoteWebDriver.java:146)
at init.DriverFactory.<init>(DriverFactory.java:46)
at tests.SmokeTests.startUp(SmokeTests.java:34)
at java.base/java.util.ArrayList.forEach(ArrayList.java:1511)
at java.base/java.util.concurrent.FutureTask.run(FutureTask.java:264)
at java.base/java.util.concurrent.ThreadPoolExecutor.runWorker(ThreadPoolExecutor.java:1136)
at java.base/java.util.concurrent.ThreadPoolExecutor$Worker.run(ThreadPoolExecutor.java:635)
at java.base/java.lang.Thread.run(Thread.java:833)
Caused by: java.lang.NoSuchMethodError: 'com.google.common.collect.ImmutableMap com.google.common.collect.ImmutableMap.of(java.lang.Object, java.lang.Object, java.lang.Object, java.lang.Object, java.lang.Object, java.lang.Object, java.lang.Object, java.lang.Object, java.lang.Object, java.lang.Object, java.lang.Object, java.lang.Object)'
at org.openqa.selenium.chrome.AddHasCasting.getAdditionalCommands(AddHasCasting.java:38)
at org.openqa.selenium.remote.Dialect.lambda$bindAdditionalCommands$1(Dialect.java:80)
at java.base/java.lang.Iterable.forEach(Iterable.java:75)
at org.openqa.selenium.remote.Dialect.bindAdditionalCommands(Dialect.java:79)
at org.openqa.selenium.remote.Dialect.access$100(Dialect.java:29)
at org.openqa.selenium.remote.Dialect$2.getCommandCodec(Dialect.java:54)
at org.openqa.selenium.remote.HttpCommandExecutor.execute(HttpCommandExecutor.java:158)
at org.openqa.selenium.remote.RemoteWebDriver.execute(RemoteWebDriver.java:567)
... 26 more
... Removed 16 stack frames]]>
    </failure>
  </testcase> <!-- @BeforeClass startUp -->
  <testcase classname="tests.SmokeTests" name="@AfterClass tearDown" time="0.0">
    <failure type="java.lang.NullPointerException" message="Cannot invoke &amp;quot;org.openqa.selenium.remote.RemoteWebDriver.quit()&amp;quot; because &amp;quot;this.driver&amp;quot; is null">
      <![CDATA[java.lang.NullPointerException: Cannot invoke "org.openqa.selenium.remote.RemoteWebDriver.quit()" because "this.driver" is null
at tests.SmokeTests.tearDown(SmokeTests.java:126)
at java.base/java.util.ArrayList.forEach(ArrayList.java:1511)
at java.base/java.util.concurrent.FutureTask.run(FutureTask.java:264)
at java.base/java.util.concurrent.ThreadPoolExecutor.runWorker(ThreadPoolExecutor.java:1136)
at java.base/java.util.concurrent.ThreadPoolExecutor$Worker.run(ThreadPoolExecutor.java:635)
at java.base/java.lang.Thread.run(Thread.java:833)
... Removed 16 stack frames]]>
    </failure>
  </testcase> <!-- @AfterClass tearDown -->
  <testcase classname="tests.SmokeTests" name="verifyAboutUsTest" time="0.0">
    <skipped/>
  </testcase> <!-- verifyAboutUsTest -->
  <testcase classname="tests.SmokeTests" name="verifyBlogTest" time="0.0">
    <skipped/>
  </testcase> <!-- verifyBlogTest -->
  <testcase classname="tests.SmokeTests" name="verifyContactTest" time="0.0">
    <skipped/>
  </testcase> <!-- verifyContactTest -->
  <testcase classname="tests.SmokeTests" name="verifyHomeTest" time="0.0">
    <skipped/>
  </testcase> <!-- verifyHomeTest -->
  <testcase classname="tests.SmokeTests" name="verifyLogoTest" time="0.0">
    <skipped/>
  </testcase> <!-- verifyLogoTest -->
  <testcase classname="tests.SmokeTests" name="verifyProductsTest" time="0.0">
    <skipped/>
  </testcase> <!-- verifyProductsTest -->
  <testcase classname="tests.SmokeTests" name="verifySaleTest" time="0.0">
    <skipped/>
  </testcase> <!-- verifySaleTest -->
  <testcase classname="tests.SmokeTests" name="verifyShopTest" time="0.0">
    <skipped/>
  </testcase> <!-- verifyShopTest -->
  <testcase classname="tests.SmokeTests" name="verifyWatchesTest" time="0.0">
    <skipped/>
  </testcase> <!-- verifyWatchesTest -->
</testsuite> <!-- Smoke-1 -->
